<?xml version="1.0" encoding="UTF-8"?>
<!-- Generated by org.testng.reporters.JUnitReportReporter -->
<testsuite hostname="DESKTOP-EQJA8VN" failures="0" tests="1" name="com.TestNg.parameterTest" time="17.204" errors="0" timestamp="2025-02-10T11:56:26 IST" skipped="0">
  <testcase classname="com.TestNg.parameterTest" name="LoginTest" time="17.204"/>
  <system-out/>
</testsuite> <!-- com.TestNg.parameterTest -->
