<?xml version="1.0" encoding="UTF-8"?>
<!-- Generated by org.testng.reporters.JUnitReportReporter -->
<testsuite hostname="DESKTOP-EQJA8VN" failures="0" tests="1" name="com.TestNg.testNGBasic" time="0.009" errors="0" timestamp="2025-02-08T14:35:53 IST" skipped="0">
  <testcase classname="com.TestNg.testNGBasic" name="testMethod" time="0.009"/>
  <system-out/>
</testsuite> <!-- com.TestNg.testNGBasic -->
