<?xml version="1.0" encoding="UTF-8"?>
<!-- Generated by org.testng.reporters.JUnitReportReporter -->
<testsuite hostname="DESKTOP-EQJA8VN" failures="0" tests="1" name="com.TestNg.testNGAnnotation" time="0.010" errors="0" timestamp="2025-02-08T14:58:54 IST" skipped="0">
  <testcase classname="com.TestNg.testNGAnnotation" name="test" time="0.010"/>
  <system-out/>
</testsuite> <!-- com.TestNg.testNGAnnotation -->
