<?xml version="1.0" encoding="UTF-8"?>
<!-- Generated by org.testng.reporters.JUnitReportReporter -->
<testsuite hostname="DESKTOP-EQJA8VN" failures="0" tests="1" name="com.TestNg.FacebookMain" time="0.360" errors="0" timestamp="2025-02-11T12:37:16 IST" skipped="0">
  <testcase classname="com.TestNg.FacebookMain" name="FacebookLogintext" time="0.360"/>
  <system-out/>
</testsuite> <!-- com.TestNg.FacebookMain -->
