<?xml version="1.0" encoding="UTF-8"?>
<!-- Generated by org.testng.reporters.JUnitReportReporter -->
<testsuite hostname="DESKTOP-EQJA8VN" failures="0" tests="2" name="com.TestNg.OHRMMain" time="9.396" errors="0" timestamp="2025-02-10T16:27:36 IST" skipped="0">
  <testcase classname="com.TestNg.OHRMMain" name="logOut" time="4.173"/>
  <system-out/>
  <testcase classname="com.TestNg.OHRMMain" name="LoginTest" time="5.223"/>
  <system-out/>
</testsuite> <!-- com.TestNg.OHRMMain -->
