<?xml version="1.0" encoding="UTF-8"?>
<!-- Generated by org.testng.reporters.JUnitReportReporter -->
<testsuite hostname="DESKTOP-EQJA8VN" failures="0" tests="4" name="com.TestNg.testngdataprovider" time="32.172" errors="0" timestamp="2025-02-10T13:32:05 IST" skipped="0">
  <testcase classname="com.TestNg.testngdataprovider" name="LoginTest" time="22.880"/>
  <system-out/>
  <testcase classname="com.TestNg.testngdataprovider" name="LoginTest" time="2.642"/>
  <system-out/>
  <testcase classname="com.TestNg.testngdataprovider" name="LoginTest" time="2.631"/>
  <system-out/>
  <testcase classname="com.TestNg.testngdataprovider" name="LoginTest" time="4.019"/>
  <system-out/>
</testsuite> <!-- com.TestNg.testngdataprovider -->
